2021-01-24 20:24:03.481  INFO 26456 --- [main] com.example.demo.SareetaApplication      : Starting SareetaApplication on DESKTOP-QBCIC90 with PID 26456 (started by aiswa in D:\EECS Internship\SpringBoot Projects\JDND\projects\P04-eCommerce Application)
2021-01-24 20:24:03.485  INFO 26456 --- [main] com.example.demo.SareetaApplication      : No active profile set, falling back to default profiles: default
2021-01-24 20:24:04.203  INFO 26456 --- [main] .s.d.r.c.RepositoryConfigurationDelegate : Bootstrapping Spring Data repositories in DEFAULT mode.
2021-01-24 20:24:04.286  INFO 26456 --- [main] .s.d.r.c.RepositoryConfigurationDelegate : Finished Spring Data repository scanning in 71ms. Found 4 repository interfaces.
2021-01-24 20:24:04.784  INFO 26456 --- [main] trationDelegate$BeanPostProcessorChecker : Bean 'org.springframework.transaction.annotation.ProxyTransactionManagementConfiguration' of type [org.springframework.transaction.annotation.ProxyTransactionManagementConfiguration$$EnhancerBySpringCGLIB$$1be4cc54] is not eligible for getting processed by all BeanPostProcessors (for example: not eligible for auto-proxying)
2021-01-24 20:24:05.184  INFO 26456 --- [main] o.s.b.w.embedded.tomcat.TomcatWebServer  : Tomcat initialized with port(s): 8080 (http)
2021-01-24 20:24:05.212  INFO 26456 --- [main] o.apache.catalina.core.StandardService   : Starting service [Tomcat]
2021-01-24 20:24:05.213  INFO 26456 --- [main] org.apache.catalina.core.StandardEngine  : Starting Servlet engine: [Apache Tomcat/9.0.19]
2021-01-24 20:24:05.362  INFO 26456 --- [main] o.a.c.c.C.[Tomcat].[localhost].[/]       : Initializing Spring embedded WebApplicationContext
2021-01-24 20:24:05.362  INFO 26456 --- [main] o.s.web.context.ContextLoader            : Root WebApplicationContext: initialization completed in 1807 ms
2021-01-24 20:24:05.625  INFO 26456 --- [main] com.zaxxer.hikari.HikariDataSource       : HikariPool-1 - Starting...
2021-01-24 20:24:05.834  INFO 26456 --- [main] com.zaxxer.hikari.HikariDataSource       : HikariPool-1 - Start completed.
2021-01-24 20:24:05.910  INFO 26456 --- [main] o.hibernate.jpa.internal.util.LogHelper  : HHH000204: Processing PersistenceUnitInfo [
	name: default
	...]
2021-01-24 20:24:05.982  INFO 26456 --- [main] org.hibernate.Version                    : HHH000412: Hibernate Core {5.3.10.Final}
2021-01-24 20:24:05.984  INFO 26456 --- [main] org.hibernate.cfg.Environment            : HHH000206: hibernate.properties not found
2021-01-24 20:24:06.146  INFO 26456 --- [main] o.hibernate.annotations.common.Version   : HCANN000001: Hibernate Commons Annotations {5.0.4.Final}
2021-01-24 20:24:06.468  INFO 26456 --- [main] org.hibernate.dialect.Dialect            : HHH000400: Using dialect: org.hibernate.dialect.H2Dialect
2021-01-24 20:24:07.195  INFO 26456 --- [main] j.LocalContainerEntityManagerFactoryBean : Initialized JPA EntityManagerFactory for persistence unit 'default'
2021-01-24 20:24:07.838  WARN 26456 --- [main] aWebConfiguration$JpaWebMvcConfiguration : spring.jpa.open-in-view is enabled by default. Therefore, database queries may be performed during view rendering. Explicitly configure spring.jpa.open-in-view to disable this warning
2021-01-24 20:24:07.911  INFO 26456 --- [main] o.s.s.web.DefaultSecurityFilterChain     : Creating filter chain: any request, [org.springframework.security.web.context.request.async.WebAsyncManagerIntegrationFilter@402c9a60, org.springframework.security.web.context.SecurityContextPersistenceFilter@34e68840, org.springframework.security.web.header.HeaderWriterFilter@2e9dcdd3, org.springframework.web.filter.CorsFilter@7d43f1c9, org.springframework.security.web.authentication.logout.LogoutFilter@6d7677d8, com.example.demo.security.JWTAuthenticationFilter@eddc9bb, com.example.demo.security.JWTAuthenticationVerficationFilter@11e3d08, org.springframework.security.web.savedrequest.RequestCacheAwareFilter@5b0835cb, org.springframework.security.web.servletapi.SecurityContextHolderAwareRequestFilter@782dc5, org.springframework.security.web.authentication.AnonymousAuthenticationFilter@25c548d1, org.springframework.security.web.session.SessionManagementFilter@9a07409, org.springframework.security.web.access.ExceptionTranslationFilter@8bde368, org.springframework.security.web.access.intercept.FilterSecurityInterceptor@4f0c1409]
2021-01-24 20:24:08.037  INFO 26456 --- [main] o.s.s.concurrent.ThreadPoolTaskExecutor  : Initializing ExecutorService 'applicationTaskExecutor'
2021-01-24 20:24:08.230  INFO 26456 --- [main] o.s.b.w.embedded.tomcat.TomcatWebServer  : Tomcat started on port(s): 8080 (http) with context path ''
2021-01-24 20:24:08.232  INFO 26456 --- [main] com.example.demo.SareetaApplication      : Started SareetaApplication in 5.289 seconds (JVM running for 5.747)
2021-01-24 20:24:27.684  INFO 26456 --- [http-nio-8080-exec-1] o.a.c.c.C.[Tomcat].[localhost].[/]       : Initializing Spring DispatcherServlet 'dispatcherServlet'
2021-01-24 20:24:27.684  INFO 26456 --- [http-nio-8080-exec-1] o.s.web.servlet.DispatcherServlet        : Initializing Servlet 'dispatcherServlet'
2021-01-24 20:24:27.689  INFO 26456 --- [http-nio-8080-exec-1] o.s.web.servlet.DispatcherServlet        : Completed initialization in 5 ms
2021-01-24 20:24:27.799  INFO 26456 --- [http-nio-8080-exec-1] c.e.demo.controllers.UserController      : Creating user with username:{}Abhishek
2021-01-24 20:24:27.799  INFO 26456 --- [http-nio-8080-exec-1] c.e.demo.controllers.UserController      : User name set with Abhishek.
2021-01-24 20:24:27.919  INFO 26456 --- [http-nio-8080-exec-1] c.e.demo.controllers.UserController      : User with user name Abhishek created successfully.
